#
# A fatal error has been detected by the Java Runtime Environment:
#
#  Internal Error (javaClasses.cpp:136), pid=6592, tid=10208
#  fatal error: Invalid layout of preloaded class
#
# JRE version:  (7.0_45-b18) (build )
# Java VM: Java HotSpot(TM) 64-Bit Server VM (24.45-b08 mixed mode windows-amd64 compressed oops)
# Failed to write core dump. Minidumps are not enabled by default on client versions of Windows
#
# If you would like to submit a bug report, please visit:
#   http://bugreport.sun.com/bugreport/crash.jsp
#

---------------  T H R E A D  ---------------

Current thread (0x0000000002c42800):  JavaThread "Unknown thread" [_thread_in_vm, id=10208, stack(0x0000000002ac0000,0x0000000002bc0000)]

Stack: [0x0000000002ac0000,0x0000000002bc0000]

---------------  P R O C E S S  ---------------

Java Threads: ( => current thread )

Other Threads:

=>0x0000000002c42800 (exited) JavaThread "Unknown thread" [_thread_in_vm, id=10208, stack(0x0000000002ac0000,0x0000000002bc0000)]

VM state:not at safepoint (not fully initialized)

VM Mutex/Monitor currently owned by a thread: None

GC Heap History (0 events):
No events

Deoptimization events (0 events):
No events

Internal exceptions (0 events):
No events

Events (10 events):
Event: 0.009 loading class 0x0000000002c91eb0 done
Event: 0.009 loading class 0x0000000002c918d0 done
Event: 0.009 loading class 0x0000000002c918b0
Event: 0.009 loading class 0x0000000002c999b0
Event: 0.009 loading class 0x0000000002c999b0 done
Event: 0.009 loading class 0x0000000002c999e0
Event: 0.009 loading class 0x0000000002c999e0 done
Event: 0.009 loading class 0x0000000002c99a10
Event: 0.009 loading class 0x0000000002c99a10 done
Event: 0.009 loading class 0x0000000002c918b0 done


Dynamic libraries:
0x00007ff7e92a0000 - 0x00007ff7e92d3000 	C:\Program Files\Java\jdk1.7.0_45\bin\javaw.exe
0x00007ffbda0e0000 - 0x00007ffbda289000 	C:\windows\SYSTEM32\ntdll.dll
0x00007ffbd8f30000 - 0x00007ffbd9069000 	C:\windows\system32\KERNEL32.DLL
0x00007ffbd7530000 - 0x00007ffbd763e000 	C:\windows\system32\KERNELBASE.dll
0x00007ffbd5c50000 - 0x00007ffbd5cdb000 	C:\windows\system32\apphelp.dll
0x00007ffbd3990000 - 0x00007ffbd39df000 	C:\windows\AppPatch\AppPatch64\AcGenral.DLL
0x00007ffbd96b0000 - 0x00007ffbd9757000 	C:\windows\system32\msvcrt.dll
0x00007ffbd72c0000 - 0x00007ffbd72eb000 	C:\windows\SYSTEM32\SspiCli.dll
0x00007ffbd9f20000 - 0x00007ffbd9f71000 	C:\windows\system32\SHLWAPI.dll
0x00007ffbd9530000 - 0x00007ffbd96a1000 	C:\windows\system32\USER32.dll
0x00007ffbd79a0000 - 0x00007ffbd7b16000 	C:\windows\system32\ole32.dll
0x00007ffbd7b20000 - 0x00007ffbd8f2f000 	C:\windows\system32\SHELL32.dll
0x00007ffbd6aa0000 - 0x00007ffbd6abf000 	C:\windows\SYSTEM32\USERENV.dll
0x00007ffbd9c20000 - 0x00007ffbd9cc5000 	C:\windows\system32\ADVAPI32.dll
0x00007ffbc6cc0000 - 0x00007ffbc6cdb000 	C:\windows\SYSTEM32\MPR.dll
0x00007ffbd9900000 - 0x00007ffbd9a36000 	C:\windows\system32\RPCRT4.dll
0x00007ffbd9270000 - 0x00007ffbd92c7000 	C:\windows\SYSTEM32\sechost.dll
0x00007ffbd9cd0000 - 0x00007ffbd9ea7000 	C:\windows\SYSTEM32\combase.dll
0x00007ffbd92d0000 - 0x00007ffbd9415000 	C:\windows\system32\GDI32.dll
0x00007ffbd7460000 - 0x00007ffbd7474000 	C:\windows\SYSTEM32\profapi.dll
0x00007ffbd5670000 - 0x00007ffbd5711000 	C:\windows\SYSTEM32\SHCORE.dll
0x00007ffbd94f0000 - 0x00007ffbd9524000 	C:\windows\system32\IMM32.DLL
0x00007ffbd9760000 - 0x00007ffbd9898000 	C:\windows\system32\MSCTF.dll
0x00007ffbd7400000 - 0x00007ffbd7446000 	C:\windows\system32\nvinitx.dll
0x00007ffbd65d0000 - 0x00007ffbd682a000 	C:\windows\WinSxS\amd64_microsoft.windows.common-controls_6595b64144ccf1df_6.0.9600.16384_none_62475f7becb72503\COMCTL32.dll
0x0000000060300000 - 0x00000000603d2000 	C:\Program Files\Java\jdk1.7.0_45\jre\bin\msvcr100.dll
0x000000005ee60000 - 0x000000005f629000 	C:\Program Files\Java\jdk1.7.0_45\jre\bin\server\jvm.dll
0x00007ffbd4fc0000 - 0x00007ffbd4fc9000 	C:\windows\SYSTEM32\WSOCK32.dll
0x00007ffbd2890000 - 0x00007ffbd28af000 	C:\windows\SYSTEM32\WINMM.dll
0x00007ffbd9420000 - 0x00007ffbd9427000 	C:\windows\system32\PSAPI.DLL
0x00007ffbd9210000 - 0x00007ffbd9268000 	C:\windows\system32\WS2_32.dll
0x00007ffbd2860000 - 0x00007ffbd288a000 	C:\windows\SYSTEM32\WINMMBASE.dll
0x00007ffbd9f10000 - 0x00007ffbd9f19000 	C:\windows\system32\NSI.dll
0x00007ffbd7640000 - 0x00007ffbd768a000 	C:\windows\SYSTEM32\cfgmgr32.dll
0x00007ffbd5ea0000 - 0x00007ffbd5ec6000 	C:\windows\SYSTEM32\DEVOBJ.dll
0x00000000605e0000 - 0x00000000605ef000 	C:\Program Files\Java\jdk1.7.0_45\jre\bin\verify.dll
0x00000000602d0000 - 0x00000000602f8000 	C:\Program Files\Java\jdk1.7.0_45\jre\bin\java.dll
0x00000000602b0000 - 0x00000000602c5000 	C:\Program Files\Java\jdk1.7.0_45\jre\bin\zip.dll

VM Arguments:
jvm_args: -Dfile.encoding=GBK -Xbootclasspath:D:\Program Files (x86)\adt-bundle-windows-x86_64-20131030\sdk\platforms\android-19\android.jar;D:\Program Files (x86)\adt-bundle-windows-x86_64-20131030\sdk\add-ons\addon-google_apis-google-19\libs\effects.jar;D:\Program Files (x86)\adt-bundle-windows-x86_64-20131030\sdk\add-ons\addon-google_apis-google-19\libs\usb.jar;D:\Program Files (x86)\adt-bundle-windows-x86_64-20131030\sdk\add-ons\addon-google_apis-google-19\libs\maps.jar 
java_command: in.myng.lyrae.SimpleHttpPut
Launcher Type: SUN_STANDARD

Environment Variables:
JAVA_HOME=C:\Program Files\Java\jdk1.7.0_45
PATH=D:\oraclexe\app\oracle\product\10.2.0\server\bin;C:\PROGRAM FILES (X86)\INTEL\ICLS CLIENT\;C:\PROGRAM FILES\INTEL\ICLS CLIENT\;C:\windows\SYSTEM32;C:\windows;C:\windows\SYSTEM32\WBEM;C:\windows\SYSTEM32\WINDOWSPOWERSHELL\V1.0\;;C:\PROGRAM FILES\INTEL\INTEL(R) MANAGEMENT ENGINE COMPONENTS\DAL;C:\PROGRAM FILES\INTEL\INTEL(R) MANAGEMENT ENGINE COMPONENTS\IPT;C:\PROGRAM FILES (X86)\INTEL\INTEL(R) MANAGEMENT ENGINE COMPONENTS\DAL;C:\PROGRAM FILES (X86)\INTEL\INTEL(R) MANAGEMENT ENGINE COMPONENTS\IPT;C:\PROGRAM FILES (X86)\INTEL\OPENCL SDK\2.0\BIN\X86;C:\PROGRAM FILES (X86)\INTEL\OPENCL SDK\2.0\BIN\X64;C:\PROGRAMDATA\LENOVO\READYAPPS;C:\PROGRAM FILES (X86)\COMMON FILES\ACRONIS\SNAPAPI\;D:\PROGRAM FILES\MATLAB\R2013A\BIN;D:\PROGRAM FILES (X86)\OPENSSH\BIN;D:\Program Files\ec2-api-tools-1.6.10.1\BIN;D:\Program Files (x86)\AutoScaling-1.0.61.3\BIN;D:\Program Files (x86)\CloudWatch-1.0.13.4\BIN;C:\PROGRAM FILES (X86)\INTEL\OPENCL SDK\2.0\BIN\X86;C:\PROGRAM FILES (X86)\INTEL\OPENCL SDK\2.0\BIN\X64;C:\Program Files\ThinkPad\Bluetooth Software\;C:\Program Files\ThinkPad\Bluetooth Software\syswow64;C:\Program Files (x86)\Windows Kits\8.1\Windows Performance Toolkit\;C:\Program Files\Microsoft SQL Server\110\Tools\Binn\;E:\Program Files (x86)\MySQL\MySQL Utilities\;E:\Program Files\MySQL\MySQL Server 5.6\bin;D:\Program Files\Condusiv Technologies\Diskeeper\;D:\texinst2013\bin64;D:\texinst2013\bin;.;;.;;.;
USERNAME=Marvin Liu
OS=Windows_NT
PROCESSOR_IDENTIFIER=Intel64 Family 6 Model 58 Stepping 9, GenuineIntel



---------------  S Y S T E M  ---------------

OS: Windows 8 , 64 bit Build 9200 

CPU:total 8 (4 cores per cpu, 2 threads per core) family 6 model 58 stepping 9, cmov, cx8, fxsr, mmx, sse, sse2, sse3, ssse3, sse4.1, sse4.2, popcnt, avx, aes, erms, ht, tsc, tscinvbit, tscinv

Memory: 4k page, physical 8203168k(3833356k free), swap 10169248k(2958456k free)

vm_info: Java HotSpot(TM) 64-Bit Server VM (24.45-b08) for windows-amd64 JRE (1.7.0_45-b18), built on Oct  8 2013 05:47:22 by "java_re" with unknown MS VC++:1600

time: Thu Dec 19 22:32:18 2013
elapsed time: 0 seconds

